{"C:\\Users\\furka\\Desktop\\Projeler\\tryp\\tryp\\index.js": {"path":"C:\\Users\\furka\\Desktop\\Projeler\\tryp\\tryp\\index.js","statementMap":{"0":{"start":{"line":1,"column":16},"end":{"line":1,"column":34}},"1":{"start":{"line":2,"column":19},"end":{"line":2,"column":41}},"2":{"start":{"line":4,"column":20},"end":{"line":4,"column":46}},"3":{"start":{"line":5,"column":25},"end":{"line":5,"column":56}},"4":{"start":{"line":6,"column":22},"end":{"line":6,"column":50}},"5":{"start":{"line":7,"column":21},"end":{"line":7,"column":48}},"6":{"start":{"line":8,"column":20},"end":{"line":8,"column":46}},"7":{"start":{"line":9,"column":20},"end":{"line":9,"column":46}},"8":{"start":{"line":11,"column":0},"end":{"line":11,"column":30}},"9":{"start":{"line":13,"column":12},"end":{"line":13,"column":21}},"10":{"start":{"line":15,"column":0},"end":{"line":15,"column":27}},"11":{"start":{"line":17,"column":0},"end":{"line":17,"column":30}},"12":{"start":{"line":19,"column":0},"end":{"line":19,"column":26}},"13":{"start":{"line":20,"column":0},"end":{"line":20,"column":41}},"14":{"start":{"line":21,"column":0},"end":{"line":21,"column":35}},"15":{"start":{"line":22,"column":0},"end":{"line":22,"column":33}},"16":{"start":{"line":23,"column":0},"end":{"line":23,"column":31}},"17":{"start":{"line":24,"column":0},"end":{"line":24,"column":31}},"18":{"start":{"line":26,"column":0},"end":{"line":30,"column":3}},"19":{"start":{"line":29,"column":2},"end":{"line":29,"column":25}},"20":{"start":{"line":32,"column":0},"end":{"line":32,"column":21}}},"fnMap":{"0":{"name":"(anonymous_0)","decl":{"start":{"line":26,"column":13},"end":{"line":26,"column":14}},"loc":{"start":{"line":26,"column":27},"end":{"line":30,"column":1}},"line":26}},"branchMap":{},"s":{"0":2,"1":2,"2":2,"3":2,"4":2,"5":2,"6":2,"7":2,"8":2,"9":2,"10":2,"11":2,"12":2,"13":2,"14":2,"15":2,"16":2,"17":2,"18":2,"19":0,"20":2},"f":{"0":0},"b":{},"_coverageSchema":"1a1c01bbd47fc00a2c39e90264f33305004495a9","hash":"a8add1b0b14f6428ac1887cfdf89cab6b4565435"}
,"C:\\Users\\furka\\Desktop\\Projeler\\tryp\\tryp\\mongo-connection.js": {"path":"C:\\Users\\furka\\Desktop\\Projeler\\tryp\\tryp\\mongo-connection.js","statementMap":{"0":{"start":{"line":1,"column":17},"end":{"line":1,"column":36}},"1":{"start":{"line":2,"column":0},"end":{"line":7,"column":3}},"2":{"start":{"line":8,"column":11},"end":{"line":8,"column":30}},"3":{"start":{"line":9,"column":0},"end":{"line":9,"column":65}},"4":{"start":{"line":10,"column":0},"end":{"line":12,"column":3}},"5":{"start":{"line":11,"column":2},"end":{"line":11,"column":46}}},"fnMap":{"0":{"name":"(anonymous_0)","decl":{"start":{"line":10,"column":16},"end":{"line":10,"column":17}},"loc":{"start":{"line":10,"column":28},"end":{"line":12,"column":1}},"line":10}},"branchMap":{},"s":{"0":2,"1":2,"2":2,"3":2,"4":2,"5":1},"f":{"0":1},"b":{},"_coverageSchema":"1a1c01bbd47fc00a2c39e90264f33305004495a9","hash":"9bbc0a86a7981f0a3b43698af35182d7c9562b7d"}
,"C:\\Users\\furka\\Desktop\\Projeler\\tryp\\tryp\\lib\\testMethods\\testUtilities.js": {"path":"C:\\Users\\furka\\Desktop\\Projeler\\tryp\\tryp\\lib\\testMethods\\testUtilities.js","statementMap":{"0":{"start":{"line":1,"column":12},"end":{"line":1,"column":34}},"1":{"start":{"line":2,"column":16},"end":{"line":2,"column":41}},"2":{"start":{"line":3,"column":14},"end":{"line":3,"column":30}},"3":{"start":{"line":6,"column":25},"end":{"line":12,"column":3}},"4":{"start":{"line":14,"column":2},"end":{"line":14,"column":59}},"5":{"start":{"line":16,"column":19},"end":{"line":19,"column":16}},"6":{"start":{"line":21,"column":2},"end":{"line":21,"column":23}},"7":{"start":{"line":25,"column":23},"end":{"line":27,"column":3}},"8":{"start":{"line":31,"column":25},"end":{"line":37,"column":3}},"9":{"start":{"line":39,"column":2},"end":{"line":39,"column":59}},"10":{"start":{"line":41,"column":19},"end":{"line":44,"column":16}},"11":{"start":{"line":46,"column":19},"end":{"line":46,"column":36}},"12":{"start":{"line":48,"column":22},"end":{"line":53,"column":3}},"13":{"start":{"line":55,"column":2},"end":{"line":55,"column":53}},"14":{"start":{"line":57,"column":20},"end":{"line":60,"column":16}},"15":{"start":{"line":62,"column":2},"end":{"line":62,"column":24}},"16":{"start":{"line":65,"column":0},"end":{"line":65,"column":45}}},"fnMap":{"0":{"name":"createDriver","decl":{"start":{"line":5,"column":15},"end":{"line":5,"column":27}},"loc":{"start":{"line":5,"column":30},"end":{"line":22,"column":1}},"line":5},"1":{"name":"createTrip","decl":{"start":{"line":24,"column":15},"end":{"line":24,"column":25}},"loc":{"start":{"line":24,"column":28},"end":{"line":28,"column":1}},"line":24},"2":{"name":"createCar","decl":{"start":{"line":30,"column":15},"end":{"line":30,"column":24}},"loc":{"start":{"line":30,"column":27},"end":{"line":63,"column":1}},"line":30}},"branchMap":{},"s":{"0":1,"1":1,"2":1,"3":0,"4":0,"5":0,"6":0,"7":0,"8":1,"9":1,"10":1,"11":1,"12":1,"13":1,"14":1,"15":1,"16":1},"f":{"0":0,"1":0,"2":1},"b":{},"_coverageSchema":"1a1c01bbd47fc00a2c39e90264f33305004495a9","hash":"d0bae4ddd17b6a206ef03f1d7876509120c02f0d"}
,"C:\\Users\\furka\\Desktop\\Projeler\\tryp\\tryp\\models\\Car.js": {"path":"C:\\Users\\furka\\Desktop\\Projeler\\tryp\\tryp\\models\\Car.js","statementMap":{"0":{"start":{"line":1,"column":16},"end":{"line":1,"column":36}},"1":{"start":{"line":2,"column":17},"end":{"line":2,"column":36}},"2":{"start":{"line":3,"column":18},"end":{"line":8,"column":1}},"3":{"start":{"line":9,"column":0},"end":{"line":9,"column":57}}},"fnMap":{},"branchMap":{},"s":{"0":2,"1":2,"2":2,"3":2},"f":{},"b":{},"_coverageSchema":"1a1c01bbd47fc00a2c39e90264f33305004495a9","hash":"cec311d19c12d2ec39e7d256b91117041d22fffe"}
,"C:\\Users\\furka\\Desktop\\Projeler\\tryp\\tryp\\models\\Driver.js": {"path":"C:\\Users\\furka\\Desktop\\Projeler\\tryp\\tryp\\models\\Driver.js","statementMap":{"0":{"start":{"line":1,"column":17},"end":{"line":1,"column":36}},"1":{"start":{"line":2,"column":0},"end":{"line":2,"column":31}},"2":{"start":{"line":3,"column":26},"end":{"line":3,"column":56}},"3":{"start":{"line":5,"column":21},"end":{"line":60,"column":1}},"4":{"start":{"line":64,"column":0},"end":{"line":64,"column":54}},"5":{"start":{"line":65,"column":0},"end":{"line":65,"column":56}}},"fnMap":{},"branchMap":{},"s":{"0":2,"1":2,"2":2,"3":2,"4":2,"5":2},"f":{},"b":{},"_coverageSchema":"1a1c01bbd47fc00a2c39e90264f33305004495a9","hash":"b3ce380c7ac18ad0f5b9002244b7acd705268f1d"}
,"C:\\Users\\furka\\Desktop\\Projeler\\tryp\\tryp\\models\\Motorcycle.js": {"path":"C:\\Users\\furka\\Desktop\\Projeler\\tryp\\tryp\\models\\Motorcycle.js","statementMap":{"0":{"start":{"line":1,"column":22},"end":{"line":1,"column":42}},"1":{"start":{"line":2,"column":17},"end":{"line":2,"column":36}},"2":{"start":{"line":3,"column":25},"end":{"line":6,"column":2}},"3":{"start":{"line":8,"column":0},"end":{"line":8,"column":64}}},"fnMap":{},"branchMap":{},"s":{"0":2,"1":2,"2":2,"3":2},"f":{},"b":{},"_coverageSchema":"1a1c01bbd47fc00a2c39e90264f33305004495a9","hash":"c1744eb82e4d9a4e49f9da578a5c60d77b361193"}
,"C:\\Users\\furka\\Desktop\\Projeler\\tryp\\tryp\\models\\Passenger.js": {"path":"C:\\Users\\furka\\Desktop\\Projeler\\tryp\\tryp\\models\\Passenger.js","statementMap":{"0":{"start":{"line":1,"column":17},"end":{"line":1,"column":36}},"1":{"start":{"line":2,"column":0},"end":{"line":2,"column":31}},"2":{"start":{"line":3,"column":0},"end":{"line":3,"column":31}},"3":{"start":{"line":5,"column":24},"end":{"line":45,"column":1}},"4":{"start":{"line":47,"column":0},"end":{"line":47,"column":57}},"5":{"start":{"line":48,"column":0},"end":{"line":48,"column":62}}},"fnMap":{},"branchMap":{},"s":{"0":2,"1":2,"2":2,"3":2,"4":2,"5":2},"f":{},"b":{},"_coverageSchema":"1a1c01bbd47fc00a2c39e90264f33305004495a9","hash":"84a6014686bfa232f63d4da47186bd7aa138a930"}
,"C:\\Users\\furka\\Desktop\\Projeler\\tryp\\tryp\\models\\Trip.js": {"path":"C:\\Users\\furka\\Desktop\\Projeler\\tryp\\tryp\\models\\Trip.js","statementMap":{"0":{"start":{"line":1,"column":17},"end":{"line":1,"column":36}},"1":{"start":{"line":3,"column":19},"end":{"line":34,"column":1}},"2":{"start":{"line":36,"column":0},"end":{"line":36,"column":52}},"3":{"start":{"line":38,"column":0},"end":{"line":38,"column":52}}},"fnMap":{},"branchMap":{},"s":{"0":2,"1":2,"2":2,"3":2},"f":{},"b":{},"_coverageSchema":"1a1c01bbd47fc00a2c39e90264f33305004495a9","hash":"2856e9a13d1a9b6149d858595cb442b097103cd7"}
,"C:\\Users\\furka\\Desktop\\Projeler\\tryp\\tryp\\models\\Van.js": {"path":"C:\\Users\\furka\\Desktop\\Projeler\\tryp\\tryp\\models\\Van.js","statementMap":{"0":{"start":{"line":1,"column":22},"end":{"line":1,"column":42}},"1":{"start":{"line":2,"column":17},"end":{"line":2,"column":36}},"2":{"start":{"line":3,"column":18},"end":{"line":6,"column":2}},"3":{"start":{"line":8,"column":0},"end":{"line":8,"column":50}}},"fnMap":{},"branchMap":{},"s":{"0":2,"1":2,"2":2,"3":2},"f":{},"b":{},"_coverageSchema":"1a1c01bbd47fc00a2c39e90264f33305004495a9","hash":"fc4798b06cd52ea301aef885cf130a990bcb9e7a"}
,"C:\\Users\\furka\\Desktop\\Projeler\\tryp\\tryp\\models\\Vehicle.js": {"path":"C:\\Users\\furka\\Desktop\\Projeler\\tryp\\tryp\\models\\Vehicle.js","statementMap":{"0":{"start":{"line":1,"column":17},"end":{"line":1,"column":36}},"1":{"start":{"line":2,"column":22},"end":{"line":10,"column":1}},"2":{"start":{"line":12,"column":0},"end":{"line":12,"column":58}}},"fnMap":{},"branchMap":{},"s":{"0":2,"1":2,"2":2},"f":{},"b":{},"_coverageSchema":"1a1c01bbd47fc00a2c39e90264f33305004495a9","hash":"a59deabdc90a98b77b43ffea23b1ff2ab6009ceb"}
,"C:\\Users\\furka\\Desktop\\Projeler\\tryp\\tryp\\routers\\drivers.js": {"path":"C:\\Users\\furka\\Desktop\\Projeler\\tryp\\tryp\\routers\\drivers.js","statementMap":{"0":{"start":{"line":1,"column":15},"end":{"line":1,"column":42}},"1":{"start":{"line":2,"column":24},"end":{"line":2,"column":46}},"2":{"start":{"line":3,"column":22},"end":{"line":3,"column":59}},"3":{"start":{"line":4,"column":23},"end":{"line":4,"column":61}},"4":{"start":{"line":6,"column":0},"end":{"line":9,"column":3}},"5":{"start":{"line":7,"column":18},"end":{"line":7,"column":44}},"6":{"start":{"line":8,"column":2},"end":{"line":8,"column":37}},"7":{"start":{"line":11,"column":0},"end":{"line":14,"column":3}},"8":{"start":{"line":12,"column":17},"end":{"line":12,"column":53}},"9":{"start":{"line":13,"column":2},"end":{"line":13,"column":19}},"10":{"start":{"line":16,"column":0},"end":{"line":19,"column":3}},"11":{"start":{"line":17,"column":17},"end":{"line":17,"column":62}},"12":{"start":{"line":18,"column":2},"end":{"line":18,"column":35}},"13":{"start":{"line":21,"column":0},"end":{"line":24,"column":3}},"14":{"start":{"line":22,"column":2},"end":{"line":22,"column":59}},"15":{"start":{"line":23,"column":2},"end":{"line":23,"column":22}},"16":{"start":{"line":26,"column":0},"end":{"line":41,"column":3}},"17":{"start":{"line":27,"column":23},"end":{"line":27,"column":33}},"18":{"start":{"line":28,"column":58},"end":{"line":28,"column":66}},"19":{"start":{"line":30,"column":17},"end":{"line":30,"column":19}},"20":{"start":{"line":32,"column":2},"end":{"line":32,"column":31}},"21":{"start":{"line":32,"column":12},"end":{"line":32,"column":31}},"22":{"start":{"line":33,"column":2},"end":{"line":33,"column":40}},"23":{"start":{"line":33,"column":15},"end":{"line":33,"column":40}},"24":{"start":{"line":34,"column":2},"end":{"line":34,"column":34}},"25":{"start":{"line":34,"column":13},"end":{"line":34,"column":34}},"26":{"start":{"line":35,"column":2},"end":{"line":35,"column":34}},"27":{"start":{"line":35,"column":13},"end":{"line":35,"column":34}},"28":{"start":{"line":36,"column":2},"end":{"line":36,"column":61}},"29":{"start":{"line":36,"column":22},"end":{"line":36,"column":61}},"30":{"start":{"line":38,"column":2},"end":{"line":38,"column":47}},"31":{"start":{"line":40,"column":2},"end":{"line":40,"column":22}},"32":{"start":{"line":43,"column":0},"end":{"line":60,"column":3}},"33":{"start":{"line":44,"column":23},"end":{"line":44,"column":33}},"34":{"start":{"line":45,"column":24},"end":{"line":45,"column":33}},"35":{"start":{"line":46,"column":64},"end":{"line":46,"column":72}},"36":{"start":{"line":48,"column":15},"end":{"line":48,"column":33}},"37":{"start":{"line":50,"column":15},"end":{"line":58,"column":3}},"38":{"start":{"line":59,"column":2},"end":{"line":59,"column":17}},"39":{"start":{"line":62,"column":0},"end":{"line":76,"column":3}},"40":{"start":{"line":63,"column":31},"end":{"line":63,"column":41}},"41":{"start":{"line":64,"column":64},"end":{"line":64,"column":72}},"42":{"start":{"line":65,"column":15},"end":{"line":65,"column":17}},"43":{"start":{"line":67,"column":2},"end":{"line":67,"column":41}},"44":{"start":{"line":67,"column":16},"end":{"line":67,"column":41}},"45":{"start":{"line":68,"column":2},"end":{"line":68,"column":29}},"46":{"start":{"line":68,"column":12},"end":{"line":68,"column":29}},"47":{"start":{"line":69,"column":2},"end":{"line":69,"column":50}},"48":{"start":{"line":69,"column":19},"end":{"line":69,"column":50}},"49":{"start":{"line":70,"column":2},"end":{"line":70,"column":32}},"50":{"start":{"line":70,"column":13},"end":{"line":70,"column":32}},"51":{"start":{"line":71,"column":2},"end":{"line":71,"column":56}},"52":{"start":{"line":71,"column":21},"end":{"line":71,"column":56}},"53":{"start":{"line":73,"column":2},"end":{"line":73,"column":41}},"54":{"start":{"line":75,"column":2},"end":{"line":75,"column":22}},"55":{"start":{"line":78,"column":0},"end":{"line":90,"column":3}},"56":{"start":{"line":79,"column":23},"end":{"line":79,"column":33}},"57":{"start":{"line":80,"column":39},"end":{"line":80,"column":47}},"58":{"start":{"line":82,"column":18},"end":{"line":88,"column":3}},"59":{"start":{"line":89,"column":2},"end":{"line":89,"column":20}},"60":{"start":{"line":92,"column":0},"end":{"line":99,"column":3}},"61":{"start":{"line":93,"column":23},"end":{"line":93,"column":33}},"62":{"start":{"line":94,"column":24},"end":{"line":94,"column":34}},"63":{"start":{"line":96,"column":2},"end":{"line":96,"column":58}},"64":{"start":{"line":98,"column":2},"end":{"line":98,"column":17}},"65":{"start":{"line":101,"column":0},"end":{"line":103,"column":3}},"66":{"start":{"line":102,"column":31},"end":{"line":102,"column":41}},"67":{"start":{"line":122,"column":0},"end":{"line":122,"column":24}}},"fnMap":{"0":{"name":"(anonymous_0)","decl":{"start":{"line":6,"column":16},"end":{"line":6,"column":17}},"loc":{"start":{"line":6,"column":36},"end":{"line":9,"column":1}},"line":6},"1":{"name":"(anonymous_1)","decl":{"start":{"line":11,"column":17},"end":{"line":11,"column":18}},"loc":{"start":{"line":11,"column":37},"end":{"line":14,"column":1}},"line":11},"2":{"name":"(anonymous_2)","decl":{"start":{"line":16,"column":25},"end":{"line":16,"column":26}},"loc":{"start":{"line":16,"column":45},"end":{"line":19,"column":1}},"line":16},"3":{"name":"(anonymous_3)","decl":{"start":{"line":21,"column":28},"end":{"line":21,"column":29}},"loc":{"start":{"line":21,"column":48},"end":{"line":24,"column":1}},"line":21},"4":{"name":"(anonymous_4)","decl":{"start":{"line":26,"column":27},"end":{"line":26,"column":28}},"loc":{"start":{"line":26,"column":47},"end":{"line":41,"column":1}},"line":26},"5":{"name":"(anonymous_5)","decl":{"start":{"line":43,"column":32},"end":{"line":43,"column":33}},"loc":{"start":{"line":43,"column":52},"end":{"line":60,"column":1}},"line":43},"6":{"name":"(anonymous_6)","decl":{"start":{"line":62,"column":41},"end":{"line":62,"column":42}},"loc":{"start":{"line":62,"column":61},"end":{"line":76,"column":1}},"line":62},"7":{"name":"(anonymous_7)","decl":{"start":{"line":78,"column":35},"end":{"line":78,"column":36}},"loc":{"start":{"line":78,"column":55},"end":{"line":90,"column":1}},"line":78},"8":{"name":"(anonymous_8)","decl":{"start":{"line":92,"column":48},"end":{"line":92,"column":49}},"loc":{"start":{"line":92,"column":68},"end":{"line":99,"column":1}},"line":92},"9":{"name":"(anonymous_9)","decl":{"start":{"line":101,"column":41},"end":{"line":101,"column":42}},"loc":{"start":{"line":101,"column":61},"end":{"line":103,"column":1}},"line":101}},"branchMap":{"0":{"loc":{"start":{"line":32,"column":2},"end":{"line":32,"column":31}},"type":"if","locations":[{"start":{"line":32,"column":2},"end":{"line":32,"column":31}},{"start":{"line":32,"column":2},"end":{"line":32,"column":31}}],"line":32},"1":{"loc":{"start":{"line":33,"column":2},"end":{"line":33,"column":40}},"type":"if","locations":[{"start":{"line":33,"column":2},"end":{"line":33,"column":40}},{"start":{"line":33,"column":2},"end":{"line":33,"column":40}}],"line":33},"2":{"loc":{"start":{"line":34,"column":2},"end":{"line":34,"column":34}},"type":"if","locations":[{"start":{"line":34,"column":2},"end":{"line":34,"column":34}},{"start":{"line":34,"column":2},"end":{"line":34,"column":34}}],"line":34},"3":{"loc":{"start":{"line":35,"column":2},"end":{"line":35,"column":34}},"type":"if","locations":[{"start":{"line":35,"column":2},"end":{"line":35,"column":34}},{"start":{"line":35,"column":2},"end":{"line":35,"column":34}}],"line":35},"4":{"loc":{"start":{"line":36,"column":2},"end":{"line":36,"column":61}},"type":"if","locations":[{"start":{"line":36,"column":2},"end":{"line":36,"column":61}},{"start":{"line":36,"column":2},"end":{"line":36,"column":61}}],"line":36},"5":{"loc":{"start":{"line":67,"column":2},"end":{"line":67,"column":41}},"type":"if","locations":[{"start":{"line":67,"column":2},"end":{"line":67,"column":41}},{"start":{"line":67,"column":2},"end":{"line":67,"column":41}}],"line":67},"6":{"loc":{"start":{"line":68,"column":2},"end":{"line":68,"column":29}},"type":"if","locations":[{"start":{"line":68,"column":2},"end":{"line":68,"column":29}},{"start":{"line":68,"column":2},"end":{"line":68,"column":29}}],"line":68},"7":{"loc":{"start":{"line":69,"column":2},"end":{"line":69,"column":50}},"type":"if","locations":[{"start":{"line":69,"column":2},"end":{"line":69,"column":50}},{"start":{"line":69,"column":2},"end":{"line":69,"column":50}}],"line":69},"8":{"loc":{"start":{"line":70,"column":2},"end":{"line":70,"column":32}},"type":"if","locations":[{"start":{"line":70,"column":2},"end":{"line":70,"column":32}},{"start":{"line":70,"column":2},"end":{"line":70,"column":32}}],"line":70},"9":{"loc":{"start":{"line":71,"column":2},"end":{"line":71,"column":56}},"type":"if","locations":[{"start":{"line":71,"column":2},"end":{"line":71,"column":56}},{"start":{"line":71,"column":2},"end":{"line":71,"column":56}}],"line":71}},"s":{"0":2,"1":2,"2":2,"3":2,"4":2,"5":0,"6":0,"7":2,"8":1,"9":1,"10":2,"11":0,"12":0,"13":2,"14":0,"15":0,"16":2,"17":0,"18":0,"19":0,"20":0,"21":0,"22":0,"23":0,"24":0,"25":0,"26":0,"27":0,"28":0,"29":0,"30":0,"31":0,"32":2,"33":0,"34":0,"35":0,"36":0,"37":0,"38":0,"39":2,"40":0,"41":0,"42":0,"43":0,"44":0,"45":0,"46":0,"47":0,"48":0,"49":0,"50":0,"51":0,"52":0,"53":0,"54":0,"55":2,"56":1,"57":1,"58":1,"59":1,"60":2,"61":0,"62":0,"63":0,"64":0,"65":2,"66":0,"67":2},"f":{"0":0,"1":1,"2":0,"3":0,"4":0,"5":0,"6":0,"7":1,"8":0,"9":0},"b":{"0":[0,0],"1":[0,0],"2":[0,0],"3":[0,0],"4":[0,0],"5":[0,0],"6":[0,0],"7":[0,0],"8":[0,0],"9":[0,0]},"_coverageSchema":"1a1c01bbd47fc00a2c39e90264f33305004495a9","hash":"aee3efe5050cb428c3576183c29c46653b4565b3"}
,"C:\\Users\\furka\\Desktop\\Projeler\\tryp\\tryp\\routers\\error.js": {"path":"C:\\Users\\furka\\Desktop\\Projeler\\tryp\\tryp\\routers\\error.js","statementMap":{"0":{"start":{"line":1,"column":15},"end":{"line":1,"column":42}},"1":{"start":{"line":3,"column":0},"end":{"line":7,"column":3}},"2":{"start":{"line":4,"column":16},"end":{"line":4,"column":17}},"3":{"start":{"line":6,"column":2},"end":{"line":6,"column":35}},"4":{"start":{"line":9,"column":0},"end":{"line":9,"column":24}}},"fnMap":{"0":{"name":"(anonymous_0)","decl":{"start":{"line":3,"column":16},"end":{"line":3,"column":17}},"loc":{"start":{"line":3,"column":30},"end":{"line":7,"column":1}},"line":3}},"branchMap":{},"s":{"0":2,"1":2,"2":0,"3":0,"4":2},"f":{"0":0},"b":{},"_coverageSchema":"1a1c01bbd47fc00a2c39e90264f33305004495a9","hash":"0dfaa0703ba4c3e50938a2cee8b09b7a33a53f93"}
,"C:\\Users\\furka\\Desktop\\Projeler\\tryp\\tryp\\routers\\index.js": {"path":"C:\\Users\\furka\\Desktop\\Projeler\\tryp\\tryp\\routers\\index.js","statementMap":{"0":{"start":{"line":1,"column":15},"end":{"line":1,"column":42}},"1":{"start":{"line":3,"column":0},"end":{"line":5,"column":3}},"2":{"start":{"line":4,"column":2},"end":{"line":4,"column":22}},"3":{"start":{"line":7,"column":0},"end":{"line":7,"column":24}}},"fnMap":{"0":{"name":"(anonymous_0)","decl":{"start":{"line":3,"column":16},"end":{"line":3,"column":17}},"loc":{"start":{"line":3,"column":30},"end":{"line":5,"column":1}},"line":3}},"branchMap":{},"s":{"0":2,"1":2,"2":0,"3":2},"f":{"0":0},"b":{},"_coverageSchema":"1a1c01bbd47fc00a2c39e90264f33305004495a9","hash":"a101ef7b623cf749a3fc562d4f742d58a5b9e258"}
,"C:\\Users\\furka\\Desktop\\Projeler\\tryp\\tryp\\routers\\passengers.js": {"path":"C:\\Users\\furka\\Desktop\\Projeler\\tryp\\tryp\\routers\\passengers.js","statementMap":{"0":{"start":{"line":1,"column":15},"end":{"line":1,"column":42}},"1":{"start":{"line":2,"column":25},"end":{"line":2,"column":65}},"2":{"start":{"line":4,"column":0},"end":{"line":7,"column":3}},"3":{"start":{"line":5,"column":21},"end":{"line":5,"column":50}},"4":{"start":{"line":6,"column":2},"end":{"line":6,"column":43}},"5":{"start":{"line":9,"column":0},"end":{"line":16,"column":3}},"6":{"start":{"line":10,"column":2},"end":{"line":15,"column":3}},"7":{"start":{"line":11,"column":22},"end":{"line":11,"column":61}},"8":{"start":{"line":12,"column":4},"end":{"line":12,"column":24}},"9":{"start":{"line":14,"column":4},"end":{"line":14,"column":12}},"10":{"start":{"line":20,"column":0},"end":{"line":23,"column":3}},"11":{"start":{"line":21,"column":2},"end":{"line":21,"column":65}},"12":{"start":{"line":22,"column":2},"end":{"line":22,"column":17}},"13":{"start":{"line":25,"column":0},"end":{"line":28,"column":3}},"14":{"start":{"line":26,"column":20},"end":{"line":26,"column":71}},"15":{"start":{"line":27,"column":2},"end":{"line":27,"column":41}},"16":{"start":{"line":30,"column":0},"end":{"line":34,"column":3}},"17":{"start":{"line":31,"column":19},"end":{"line":31,"column":27}},"18":{"start":{"line":33,"column":2},"end":{"line":33,"column":66}},"19":{"start":{"line":36,"column":0},"end":{"line":36,"column":24}}},"fnMap":{"0":{"name":"(anonymous_0)","decl":{"start":{"line":4,"column":16},"end":{"line":4,"column":17}},"loc":{"start":{"line":4,"column":36},"end":{"line":7,"column":1}},"line":4},"1":{"name":"(anonymous_1)","decl":{"start":{"line":9,"column":17},"end":{"line":9,"column":18}},"loc":{"start":{"line":9,"column":43},"end":{"line":16,"column":1}},"line":9},"2":{"name":"(anonymous_2)","decl":{"start":{"line":20,"column":31},"end":{"line":20,"column":32}},"loc":{"start":{"line":20,"column":51},"end":{"line":23,"column":1}},"line":20},"3":{"name":"(anonymous_3)","decl":{"start":{"line":25,"column":28},"end":{"line":25,"column":29}},"loc":{"start":{"line":25,"column":48},"end":{"line":28,"column":1}},"line":25},"4":{"name":"(anonymous_4)","decl":{"start":{"line":30,"column":30},"end":{"line":30,"column":31}},"loc":{"start":{"line":30,"column":50},"end":{"line":34,"column":1}},"line":30}},"branchMap":{},"s":{"0":2,"1":2,"2":2,"3":0,"4":0,"5":2,"6":0,"7":0,"8":0,"9":0,"10":2,"11":0,"12":0,"13":2,"14":0,"15":0,"16":2,"17":0,"18":0,"19":2},"f":{"0":0,"1":0,"2":0,"3":0,"4":0},"b":{},"_coverageSchema":"1a1c01bbd47fc00a2c39e90264f33305004495a9","hash":"ce1b0a719b8eda3f604a3b2d4dd5ea572db3c5ee"}
,"C:\\Users\\furka\\Desktop\\Projeler\\tryp\\tryp\\routers\\search.js": {"path":"C:\\Users\\furka\\Desktop\\Projeler\\tryp\\tryp\\routers\\search.js","statementMap":{"0":{"start":{"line":1,"column":15},"end":{"line":1,"column":42}},"1":{"start":{"line":3,"column":0},"end":{"line":5,"column":3}},"2":{"start":{"line":4,"column":2},"end":{"line":4,"column":23}},"3":{"start":{"line":7,"column":0},"end":{"line":7,"column":24}}},"fnMap":{"0":{"name":"(anonymous_0)","decl":{"start":{"line":3,"column":16},"end":{"line":3,"column":17}},"loc":{"start":{"line":3,"column":30},"end":{"line":5,"column":1}},"line":3}},"branchMap":{},"s":{"0":2,"1":2,"2":0,"3":2},"f":{"0":0},"b":{},"_coverageSchema":"1a1c01bbd47fc00a2c39e90264f33305004495a9","hash":"a17138fe8b314bbefd778dcdc761569412008d1f"}
,"C:\\Users\\furka\\Desktop\\Projeler\\tryp\\tryp\\routers\\trips.js": {"path":"C:\\Users\\furka\\Desktop\\Projeler\\tryp\\tryp\\routers\\trips.js","statementMap":{"0":{"start":{"line":1,"column":20},"end":{"line":1,"column":55}},"1":{"start":{"line":3,"column":15},"end":{"line":3,"column":42}},"2":{"start":{"line":5,"column":0},"end":{"line":8,"column":3}},"3":{"start":{"line":6,"column":16},"end":{"line":6,"column":40}},"4":{"start":{"line":7,"column":2},"end":{"line":7,"column":33}},"5":{"start":{"line":10,"column":0},"end":{"line":14,"column":3}},"6":{"start":{"line":11,"column":13},"end":{"line":11,"column":30}},"7":{"start":{"line":12,"column":15},"end":{"line":12,"column":41}},"8":{"start":{"line":13,"column":2},"end":{"line":13,"column":31}},"9":{"start":{"line":16,"column":0},"end":{"line":20,"column":3}},"10":{"start":{"line":17,"column":19},"end":{"line":17,"column":37}},"11":{"start":{"line":18,"column":15},"end":{"line":18,"column":49}},"12":{"start":{"line":19,"column":2},"end":{"line":19,"column":31}},"13":{"start":{"line":22,"column":0},"end":{"line":22,"column":24}}},"fnMap":{"0":{"name":"(anonymous_0)","decl":{"start":{"line":5,"column":16},"end":{"line":5,"column":17}},"loc":{"start":{"line":5,"column":36},"end":{"line":8,"column":1}},"line":5},"1":{"name":"(anonymous_1)","decl":{"start":{"line":10,"column":23},"end":{"line":10,"column":24}},"loc":{"start":{"line":10,"column":43},"end":{"line":14,"column":1}},"line":10},"2":{"name":"(anonymous_2)","decl":{"start":{"line":16,"column":22},"end":{"line":16,"column":23}},"loc":{"start":{"line":16,"column":42},"end":{"line":20,"column":1}},"line":16}},"branchMap":{},"s":{"0":2,"1":2,"2":2,"3":0,"4":0,"5":2,"6":0,"7":0,"8":0,"9":2,"10":0,"11":0,"12":0,"13":2},"f":{"0":0,"1":0,"2":0},"b":{},"_coverageSchema":"1a1c01bbd47fc00a2c39e90264f33305004495a9","hash":"1482f161730b29fc3b2f21a47eec9c26238314d7"}
,"C:\\Users\\furka\\Desktop\\Projeler\\tryp\\tryp\\services\\base-service.js": {"path":"C:\\Users\\furka\\Desktop\\Projeler\\tryp\\tryp\\services\\base-service.js","statementMap":{"0":{"start":{"line":1,"column":11},"end":{"line":1,"column":24}},"1":{"start":{"line":2,"column":16},"end":{"line":2,"column":34}},"2":{"start":{"line":6,"column":4},"end":{"line":6,"column":23}},"3":{"start":{"line":10,"column":4},"end":{"line":10,"column":42}},"4":{"start":{"line":14,"column":4},"end":{"line":14,"column":31}},"5":{"start":{"line":18,"column":4},"end":{"line":18,"column":43}},"6":{"start":{"line":22,"column":4},"end":{"line":22,"column":55}},"7":{"start":{"line":26,"column":20},"end":{"line":26,"column":37}},"8":{"start":{"line":27,"column":18},"end":{"line":27,"column":59}},"9":{"start":{"line":27,"column":43},"end":{"line":27,"column":58}},"10":{"start":{"line":28,"column":4},"end":{"line":28,"column":29}},"11":{"start":{"line":29,"column":4},"end":{"line":29,"column":30}},"12":{"start":{"line":33,"column":20},"end":{"line":33,"column":37}},"13":{"start":{"line":34,"column":4},"end":{"line":34,"column":48}},"14":{"start":{"line":34,"column":31},"end":{"line":34,"column":46}},"15":{"start":{"line":38,"column":4},"end":{"line":38,"column":35}},"16":{"start":{"line":42,"column":4},"end":{"line":42,"column":32}},"17":{"start":{"line":46,"column":4},"end":{"line":46,"column":52}},"18":{"start":{"line":50,"column":4},"end":{"line":50,"column":50}},"19":{"start":{"line":54,"column":0},"end":{"line":54,"column":29}}},"fnMap":{"0":{"name":"(anonymous_0)","decl":{"start":{"line":5,"column":2},"end":{"line":5,"column":3}},"loc":{"start":{"line":5,"column":21},"end":{"line":7,"column":3}},"line":5},"1":{"name":"(anonymous_1)","decl":{"start":{"line":9,"column":2},"end":{"line":9,"column":3}},"loc":{"start":{"line":9,"column":16},"end":{"line":11,"column":3}},"line":9},"2":{"name":"(anonymous_2)","decl":{"start":{"line":13,"column":2},"end":{"line":13,"column":3}},"loc":{"start":{"line":13,"column":9},"end":{"line":15,"column":3}},"line":13},"3":{"name":"(anonymous_3)","decl":{"start":{"line":17,"column":2},"end":{"line":17,"column":3}},"loc":{"start":{"line":17,"column":23},"end":{"line":19,"column":3}},"line":17},"4":{"name":"(anonymous_4)","decl":{"start":{"line":21,"column":2},"end":{"line":21,"column":3}},"loc":{"start":{"line":21,"column":34},"end":{"line":23,"column":3}},"line":21},"5":{"name":"(anonymous_5)","decl":{"start":{"line":25,"column":2},"end":{"line":25,"column":3}},"loc":{"start":{"line":25,"column":27},"end":{"line":30,"column":3}},"line":25},"6":{"name":"(anonymous_6)","decl":{"start":{"line":27,"column":36},"end":{"line":27,"column":37}},"loc":{"start":{"line":27,"column":43},"end":{"line":27,"column":58}},"line":27},"7":{"name":"(anonymous_7)","decl":{"start":{"line":32,"column":2},"end":{"line":32,"column":3}},"loc":{"start":{"line":32,"column":25},"end":{"line":35,"column":3}},"line":32},"8":{"name":"(anonymous_8)","decl":{"start":{"line":34,"column":24},"end":{"line":34,"column":25}},"loc":{"start":{"line":34,"column":31},"end":{"line":34,"column":46}},"line":34},"9":{"name":"(anonymous_9)","decl":{"start":{"line":37,"column":2},"end":{"line":37,"column":3}},"loc":{"start":{"line":37,"column":17},"end":{"line":39,"column":3}},"line":37},"10":{"name":"(anonymous_10)","decl":{"start":{"line":41,"column":2},"end":{"line":41,"column":3}},"loc":{"start":{"line":41,"column":19},"end":{"line":43,"column":3}},"line":41},"11":{"name":"(anonymous_11)","decl":{"start":{"line":45,"column":2},"end":{"line":45,"column":3}},"loc":{"start":{"line":45,"column":27},"end":{"line":47,"column":3}},"line":45},"12":{"name":"(anonymous_12)","decl":{"start":{"line":49,"column":2},"end":{"line":49,"column":3}},"loc":{"start":{"line":49,"column":32},"end":{"line":51,"column":3}},"line":49}},"branchMap":{},"s":{"0":2,"1":2,"2":14,"3":0,"4":0,"5":2,"6":0,"7":0,"8":0,"9":0,"10":0,"11":0,"12":0,"13":0,"14":0,"15":1,"16":0,"17":0,"18":0,"19":2},"f":{"0":14,"1":0,"2":0,"3":2,"4":0,"5":0,"6":0,"7":0,"8":0,"9":1,"10":0,"11":0,"12":0},"b":{},"_coverageSchema":"1a1c01bbd47fc00a2c39e90264f33305004495a9","hash":"c3542e81db3034a4072316909d3928fe6598a861"}
,"C:\\Users\\furka\\Desktop\\Projeler\\tryp\\tryp\\services\\car-service.js": {"path":"C:\\Users\\furka\\Desktop\\Projeler\\tryp\\tryp\\services\\car-service.js","statementMap":{"0":{"start":{"line":1,"column":12},"end":{"line":1,"column":36}},"1":{"start":{"line":2,"column":20},"end":{"line":2,"column":45}},"2":{"start":{"line":4,"column":0},"end":{"line":4,"column":37}}},"fnMap":{},"branchMap":{},"s":{"0":2,"1":2,"2":2},"f":{},"b":{},"_coverageSchema":"1a1c01bbd47fc00a2c39e90264f33305004495a9","hash":"30db703b777eeb58edce37393c7166d5e27f15f3"}
,"C:\\Users\\furka\\Desktop\\Projeler\\tryp\\tryp\\services\\driver-service.js": {"path":"C:\\Users\\furka\\Desktop\\Projeler\\tryp\\tryp\\services\\driver-service.js","statementMap":{"0":{"start":{"line":1,"column":20},"end":{"line":1,"column":45}},"1":{"start":{"line":2,"column":15},"end":{"line":2,"column":42}},"2":{"start":{"line":4,"column":0},"end":{"line":4,"column":43}}},"fnMap":{},"branchMap":{},"s":{"0":2,"1":2,"2":2},"f":{},"b":{},"_coverageSchema":"1a1c01bbd47fc00a2c39e90264f33305004495a9","hash":"69e0d64e9130c3122fa75f30effc9fc7631a4fb6"}
,"C:\\Users\\furka\\Desktop\\Projeler\\tryp\\tryp\\services\\index.js": {"path":"C:\\Users\\furka\\Desktop\\Projeler\\tryp\\tryp\\services\\index.js","statementMap":{"0":{"start":{"line":1,"column":25},"end":{"line":1,"column":55}},"1":{"start":{"line":2,"column":22},"end":{"line":2,"column":49}},"2":{"start":{"line":3,"column":20},"end":{"line":3,"column":45}},"3":{"start":{"line":4,"column":19},"end":{"line":4,"column":43}},"4":{"start":{"line":5,"column":26},"end":{"line":5,"column":57}},"5":{"start":{"line":6,"column":19},"end":{"line":6,"column":43}},"6":{"start":{"line":8,"column":0},"end":{"line":15,"column":2}}},"fnMap":{},"branchMap":{},"s":{"0":2,"1":2,"2":2,"3":2,"4":2,"5":2,"6":2},"f":{},"b":{},"_coverageSchema":"1a1c01bbd47fc00a2c39e90264f33305004495a9","hash":"0d667025d96c6ba45196eea5b1cd81c02bff37a5"}
,"C:\\Users\\furka\\Desktop\\Projeler\\tryp\\tryp\\services\\motorcycle-service.js": {"path":"C:\\Users\\furka\\Desktop\\Projeler\\tryp\\tryp\\services\\motorcycle-service.js","statementMap":{"0":{"start":{"line":1,"column":19},"end":{"line":1,"column":50}},"1":{"start":{"line":2,"column":20},"end":{"line":2,"column":45}},"2":{"start":{"line":4,"column":0},"end":{"line":4,"column":51}}},"fnMap":{},"branchMap":{},"s":{"0":2,"1":2,"2":2},"f":{},"b":{},"_coverageSchema":"1a1c01bbd47fc00a2c39e90264f33305004495a9","hash":"51637d270c7d229a10a32c97ede22de228e03b3c"}
,"C:\\Users\\furka\\Desktop\\Projeler\\tryp\\tryp\\services\\passenger-service.js": {"path":"C:\\Users\\furka\\Desktop\\Projeler\\tryp\\tryp\\services\\passenger-service.js","statementMap":{"0":{"start":{"line":1,"column":20},"end":{"line":1,"column":45}},"1":{"start":{"line":2,"column":18},"end":{"line":2,"column":48}},"2":{"start":{"line":6,"column":0},"end":{"line":6,"column":49}}},"fnMap":{},"branchMap":{},"s":{"0":2,"1":2,"2":2},"f":{},"b":{},"_coverageSchema":"1a1c01bbd47fc00a2c39e90264f33305004495a9","hash":"1f2146877512d79e5839a83733defcc938e6b4df"}
,"C:\\Users\\furka\\Desktop\\Projeler\\tryp\\tryp\\services\\trip-service.js": {"path":"C:\\Users\\furka\\Desktop\\Projeler\\tryp\\tryp\\services\\trip-service.js","statementMap":{"0":{"start":{"line":1,"column":20},"end":{"line":1,"column":45}},"1":{"start":{"line":2,"column":13},"end":{"line":2,"column":38}},"2":{"start":{"line":3,"column":22},"end":{"line":3,"column":49}},"3":{"start":{"line":4,"column":23},"end":{"line":4,"column":51}},"4":{"start":{"line":8,"column":4},"end":{"line":8,"column":37}},"5":{"start":{"line":11,"column":4},"end":{"line":11,"column":51}},"6":{"start":{"line":14,"column":4},"end":{"line":14,"column":43}},"7":{"start":{"line":26,"column":19},"end":{"line":26,"column":53}},"8":{"start":{"line":27,"column":20},"end":{"line":27,"column":56}},"9":{"start":{"line":28,"column":4},"end":{"line":30,"column":5}},"10":{"start":{"line":29,"column":6},"end":{"line":29,"column":53}},"11":{"start":{"line":31,"column":17},"end":{"line":39,"column":6}},"12":{"start":{"line":41,"column":4},"end":{"line":41,"column":36}},"13":{"start":{"line":42,"column":4},"end":{"line":44,"column":7}},"14":{"start":{"line":43,"column":6},"end":{"line":43,"column":30}},"15":{"start":{"line":45,"column":4},"end":{"line":45,"column":24}},"16":{"start":{"line":46,"column":4},"end":{"line":46,"column":16}},"17":{"start":{"line":50,"column":19},"end":{"line":50,"column":53}},"18":{"start":{"line":51,"column":17},"end":{"line":51,"column":40}},"19":{"start":{"line":54,"column":4},"end":{"line":54,"column":29}},"20":{"start":{"line":55,"column":4},"end":{"line":55,"column":36}},"21":{"start":{"line":60,"column":18},"end":{"line":60,"column":77}},"22":{"start":{"line":60,"column":57},"end":{"line":60,"column":76}},"23":{"start":{"line":61,"column":4},"end":{"line":61,"column":50}},"24":{"start":{"line":62,"column":4},"end":{"line":62,"column":42}},"25":{"start":{"line":63,"column":4},"end":{"line":63,"column":56}},"26":{"start":{"line":64,"column":4},"end":{"line":64,"column":44}},"27":{"start":{"line":68,"column":18},"end":{"line":68,"column":77}},"28":{"start":{"line":68,"column":57},"end":{"line":68,"column":76}},"29":{"start":{"line":69,"column":4},"end":{"line":69,"column":52}},"30":{"start":{"line":73,"column":0},"end":{"line":73,"column":39}}},"fnMap":{"0":{"name":"(anonymous_0)","decl":{"start":{"line":7,"column":2},"end":{"line":7,"column":3}},"loc":{"start":{"line":7,"column":25},"end":{"line":9,"column":3}},"line":7},"1":{"name":"(anonymous_1)","decl":{"start":{"line":10,"column":2},"end":{"line":10,"column":3}},"loc":{"start":{"line":10,"column":39},"end":{"line":12,"column":3}},"line":10},"2":{"name":"(anonymous_2)","decl":{"start":{"line":13,"column":2},"end":{"line":13,"column":3}},"loc":{"start":{"line":13,"column":33},"end":{"line":15,"column":3}},"line":13},"3":{"name":"(anonymous_3)","decl":{"start":{"line":17,"column":2},"end":{"line":17,"column":3}},"loc":{"start":{"line":25,"column":4},"end":{"line":47,"column":3}},"line":25},"4":{"name":"(anonymous_4)","decl":{"start":{"line":42,"column":30},"end":{"line":42,"column":31}},"loc":{"start":{"line":42,"column":40},"end":{"line":44,"column":5}},"line":42},"5":{"name":"(anonymous_5)","decl":{"start":{"line":49,"column":2},"end":{"line":49,"column":3}},"loc":{"start":{"line":49,"column":49},"end":{"line":57,"column":3}},"line":49},"6":{"name":"(anonymous_6)","decl":{"start":{"line":59,"column":2},"end":{"line":59,"column":3}},"loc":{"start":{"line":59,"column":65},"end":{"line":65,"column":3}},"line":59},"7":{"name":"(anonymous_7)","decl":{"start":{"line":60,"column":47},"end":{"line":60,"column":48}},"loc":{"start":{"line":60,"column":57},"end":{"line":60,"column":76}},"line":60},"8":{"name":"(anonymous_8)","decl":{"start":{"line":67,"column":2},"end":{"line":67,"column":3}},"loc":{"start":{"line":67,"column":25},"end":{"line":71,"column":3}},"line":67},"9":{"name":"(anonymous_9)","decl":{"start":{"line":68,"column":47},"end":{"line":68,"column":48}},"loc":{"start":{"line":68,"column":57},"end":{"line":68,"column":76}},"line":68}},"branchMap":{"0":{"loc":{"start":{"line":28,"column":4},"end":{"line":30,"column":5}},"type":"if","locations":[{"start":{"line":28,"column":4},"end":{"line":30,"column":5}},{"start":{"line":28,"column":4},"end":{"line":30,"column":5}}],"line":28}},"s":{"0":2,"1":2,"2":2,"3":2,"4":0,"5":0,"6":0,"7":0,"8":0,"9":0,"10":0,"11":0,"12":0,"13":0,"14":0,"15":0,"16":0,"17":0,"18":0,"19":0,"20":0,"21":0,"22":0,"23":0,"24":0,"25":0,"26":0,"27":0,"28":0,"29":0,"30":2},"f":{"0":0,"1":0,"2":0,"3":0,"4":0,"5":0,"6":0,"7":0,"8":0,"9":0},"b":{"0":[0,0]},"_coverageSchema":"1a1c01bbd47fc00a2c39e90264f33305004495a9","hash":"07aea6a6589f628c17e0ebb8eaf43cf444ea9626"}
,"C:\\Users\\furka\\Desktop\\Projeler\\tryp\\tryp\\services\\van-service.js": {"path":"C:\\Users\\furka\\Desktop\\Projeler\\tryp\\tryp\\services\\van-service.js","statementMap":{"0":{"start":{"line":1,"column":12},"end":{"line":1,"column":36}},"1":{"start":{"line":2,"column":20},"end":{"line":2,"column":45}},"2":{"start":{"line":4,"column":0},"end":{"line":4,"column":37}}},"fnMap":{},"branchMap":{},"s":{"0":2,"1":2,"2":2},"f":{},"b":{},"_coverageSchema":"1a1c01bbd47fc00a2c39e90264f33305004495a9","hash":"df3ff90d1d9c2848556a718979bec0ebab9eb61a"}
,"C:\\Users\\furka\\Desktop\\Projeler\\tryp\\tryp\\services\\vehicle-service.js": {"path":"C:\\Users\\furka\\Desktop\\Projeler\\tryp\\tryp\\services\\vehicle-service.js","statementMap":{"0":{"start":{"line":1,"column":20},"end":{"line":1,"column":45}},"1":{"start":{"line":2,"column":22},"end":{"line":2,"column":49}},"2":{"start":{"line":3,"column":16},"end":{"line":3,"column":44}},"3":{"start":{"line":4,"column":19},"end":{"line":4,"column":43}},"4":{"start":{"line":8,"column":19},"end":{"line":8,"column":53}},"5":{"start":{"line":9,"column":18},"end":{"line":9,"column":22}},"6":{"start":{"line":10,"column":4},"end":{"line":22,"column":5}},"7":{"start":{"line":12,"column":8},"end":{"line":12,"column":66}},"8":{"start":{"line":13,"column":8},"end":{"line":13,"column":14}},"9":{"start":{"line":15,"column":8},"end":{"line":15,"column":66}},"10":{"start":{"line":16,"column":8},"end":{"line":16,"column":14}},"11":{"start":{"line":18,"column":8},"end":{"line":18,"column":73}},"12":{"start":{"line":19,"column":8},"end":{"line":19,"column":14}},"13":{"start":{"line":21,"column":8},"end":{"line":21,"column":56}},"14":{"start":{"line":24,"column":4},"end":{"line":24,"column":34}},"15":{"start":{"line":26,"column":4},"end":{"line":26,"column":24}},"16":{"start":{"line":28,"column":4},"end":{"line":28,"column":19}},"17":{"start":{"line":32,"column":19},"end":{"line":32,"column":53}},"18":{"start":{"line":33,"column":18},"end":{"line":33,"column":76}},"19":{"start":{"line":33,"column":54},"end":{"line":33,"column":75}},"20":{"start":{"line":34,"column":4},"end":{"line":34,"column":42}},"21":{"start":{"line":36,"column":4},"end":{"line":36,"column":37}},"22":{"start":{"line":38,"column":4},"end":{"line":38,"column":24}},"23":{"start":{"line":42,"column":0},"end":{"line":42,"column":45}}},"fnMap":{"0":{"name":"(anonymous_0)","decl":{"start":{"line":7,"column":2},"end":{"line":7,"column":3}},"loc":{"start":{"line":7,"column":55},"end":{"line":29,"column":3}},"line":7},"1":{"name":"(anonymous_1)","decl":{"start":{"line":31,"column":2},"end":{"line":31,"column":3}},"loc":{"start":{"line":31,"column":43},"end":{"line":39,"column":3}},"line":31},"2":{"name":"(anonymous_2)","decl":{"start":{"line":33,"column":44},"end":{"line":33,"column":45}},"loc":{"start":{"line":33,"column":54},"end":{"line":33,"column":75}},"line":33}},"branchMap":{"0":{"loc":{"start":{"line":10,"column":4},"end":{"line":22,"column":5}},"type":"switch","locations":[{"start":{"line":11,"column":6},"end":{"line":13,"column":14}},{"start":{"line":14,"column":6},"end":{"line":16,"column":14}},{"start":{"line":17,"column":6},"end":{"line":19,"column":14}},{"start":{"line":20,"column":6},"end":{"line":21,"column":56}}],"line":10}},"s":{"0":2,"1":2,"2":2,"3":2,"4":1,"5":1,"6":1,"7":1,"8":1,"9":0,"10":0,"11":0,"12":0,"13":0,"14":1,"15":1,"16":1,"17":0,"18":0,"19":0,"20":0,"21":0,"22":0,"23":2},"f":{"0":1,"1":0,"2":0},"b":{"0":[1,0,0,0]},"_coverageSchema":"1a1c01bbd47fc00a2c39e90264f33305004495a9","hash":"e18a242a7cb264f6a2e025e540b9ee6ef087931b"}
}
